{
  "stats": {
    "suites": 0,
    "tests": 0,
    "passes": 0,
    "pending": 0,
    "failures": 0,
    "start": "2023-09-26T17:00:12.734Z",
    "end": "2023-09-26T17:00:13.723Z",
    "duration": 989,
    "testsRegistered": 0,
    "passPercent": null,
    "pendingPercent": null,
    "other": 1,
    "hasOther": true,
    "skipped": 0,
    "hasSkipped": false
  },
  "results": [
    false
  ],
  "meta": {
    "mocha": {
      "version": "10.2.0"
    },
    "mochawesome": {
      "options": {
        "quiet": false,
        "reportFilename": "testReport",
        "saveHtml": true,
        "saveJson": true,
        "consoleReporter": "spec",
        "useInlineDiffs": false,
        "code": true
      },
      "version": "7.1.3"
    },
    "marge": {
      "options": {
        "reportDir": "D:/Testing/JS_Selenium_Mocha_Framework/reports",
        "reportFilename": "testReport"
      },
      "version": "6.2.0"
    }
  }
}